{"/Users/ismail/Downloads/devis-master/lib/core.js":{"path":"/Users/ismail/Downloads/devis-master/lib/core.js","s":{"1":1,"2":1,"3":1,"4":1,"5":1,"6":1,"7":1,"8":1,"9":3,"10":3,"11":3,"12":3,"13":3,"14":3,"15":3,"16":2,"17":2,"18":2,"19":4,"20":1,"21":3,"22":1,"23":2,"24":2,"25":2,"26":1,"27":1,"28":10,"29":10,"30":1,"31":10,"32":1,"33":10,"34":1,"35":10,"36":1,"37":10,"38":4,"39":6,"40":6,"41":9,"42":9,"43":5,"44":5,"45":5,"46":5,"47":9,"48":9,"49":8,"50":1,"51":1,"52":0,"53":0,"54":0,"55":0,"56":0,"57":0,"58":0,"59":0,"60":1,"61":1,"62":9,"63":1,"64":1,"65":9,"66":9,"67":1,"68":8,"69":8,"70":1,"71":1,"72":1,"73":1,"74":1,"75":1,"76":1,"77":1,"78":3,"79":3,"80":3,"81":3,"82":3,"83":3,"84":1,"85":1,"86":1,"87":1,"88":1,"89":1,"90":1,"91":1,"92":1,"93":2,"94":1,"95":1,"96":1,"97":1,"98":0,"99":0,"100":0,"101":0,"102":0,"103":2,"104":1},"b":{"1":[1,3],"2":[1,2],"3":[1,9],"4":[1,9],"5":[1,9],"6":[1,9],"7":[4,6],"8":[5,4],"9":[8,1],"10":[0,0],"11":[0,0],"12":[0,0],"13":[1,8],"14":[1,8],"15":[1,1],"16":[1,0],"17":[0,0]},"f":{"1":3,"2":3,"3":2,"4":4,"5":1,"6":10,"7":9,"8":9,"9":1,"10":3,"11":1,"12":2},"fnMap":{"1":{"name":"(anonymous_1)","line":15,"loc":{"start":{"line":15,"column":15},"end":{"line":15,"column":22}}},"2":{"name":"(anonymous_2)","line":23,"loc":{"start":{"line":23,"column":11},"end":{"line":23,"column":18}}},"3":{"name":"(anonymous_3)","line":28,"loc":{"start":{"line":28,"column":10},"end":{"line":28,"column":16}}},"4":{"name":"(anonymous_4)","line":34,"loc":{"start":{"line":34,"column":10},"end":{"line":34,"column":16}}},"5":{"name":"(anonymous_5)","line":44,"loc":{"start":{"line":44,"column":9},"end":{"line":44,"column":14}}},"6":{"name":"(anonymous_6)","line":49,"loc":{"start":{"line":49,"column":7},"end":{"line":49,"column":25}}},"7":{"name":"(anonymous_7)","line":64,"loc":{"start":{"line":64,"column":9},"end":{"line":64,"column":35}}},"8":{"name":"(anonymous_8)","line":101,"loc":{"start":{"line":101,"column":7},"end":{"line":101,"column":30}}},"9":{"name":"(anonymous_9)","line":118,"loc":{"start":{"line":118,"column":11},"end":{"line":118,"column":17}}},"10":{"name":"(anonymous_10)","line":132,"loc":{"start":{"line":132,"column":7},"end":{"line":132,"column":26}}},"11":{"name":"(anonymous_11)","line":148,"loc":{"start":{"line":148,"column":7},"end":{"line":148,"column":10}}},"12":{"name":"(anonymous_12)","line":161,"loc":{"start":{"line":161,"column":14},"end":{"line":161,"column":25}}}},"statementMap":{"1":{"start":{"line":4,"column":0},"end":{"line":4,"column":28}},"2":{"start":{"line":5,"column":0},"end":{"line":5,"column":45}},"3":{"start":{"line":6,"column":0},"end":{"line":6,"column":38}},"4":{"start":{"line":7,"column":0},"end":{"line":7,"column":29}},"5":{"start":{"line":8,"column":0},"end":{"line":8,"column":38}},"6":{"start":{"line":9,"column":0},"end":{"line":9,"column":25}},"7":{"start":{"line":10,"column":0},"end":{"line":10,"column":41}},"8":{"start":{"line":11,"column":0},"end":{"line":11,"column":39}},"9":{"start":{"line":16,"column":8},"end":{"line":16,"column":16}},"10":{"start":{"line":17,"column":8},"end":{"line":17,"column":31}},"11":{"start":{"line":18,"column":8},"end":{"line":18,"column":25}},"12":{"start":{"line":19,"column":8},"end":{"line":19,"column":23}},"13":{"start":{"line":20,"column":8},"end":{"line":20,"column":26}},"14":{"start":{"line":24,"column":8},"end":{"line":24,"column":25}},"15":{"start":{"line":25,"column":8},"end":{"line":25,"column":20}},"16":{"start":{"line":29,"column":8},"end":{"line":29,"column":37}},"17":{"start":{"line":30,"column":8},"end":{"line":30,"column":33}},"18":{"start":{"line":31,"column":8},"end":{"line":31,"column":20}},"19":{"start":{"line":35,"column":8},"end":{"line":35,"column":77}},"20":{"start":{"line":35,"column":43},"end":{"line":35,"column":77}},"21":{"start":{"line":36,"column":8},"end":{"line":41,"column":9}},"22":{"start":{"line":36,"column":34},"end":{"line":36,"column":69}},"23":{"start":{"line":38,"column":12},"end":{"line":38,"column":51}},"24":{"start":{"line":39,"column":12},"end":{"line":39,"column":45}},"25":{"start":{"line":40,"column":12},"end":{"line":40,"column":24}},"26":{"start":{"line":45,"column":8},"end":{"line":45,"column":33}},"27":{"start":{"line":46,"column":8},"end":{"line":46,"column":20}},"28":{"start":{"line":50,"column":8},"end":{"line":50,"column":21}},"29":{"start":{"line":51,"column":8},"end":{"line":51,"column":67}},"30":{"start":{"line":51,"column":29},"end":{"line":51,"column":67}},"31":{"start":{"line":52,"column":8},"end":{"line":52,"column":106}},"32":{"start":{"line":52,"column":40},"end":{"line":52,"column":106}},"33":{"start":{"line":53,"column":8},"end":{"line":53,"column":82}},"34":{"start":{"line":53,"column":41},"end":{"line":53,"column":82}},"35":{"start":{"line":54,"column":8},"end":{"line":55,"column":53}},"36":{"start":{"line":55,"column":12},"end":{"line":55,"column":53}},"37":{"start":{"line":57,"column":8},"end":{"line":58,"column":38}},"38":{"start":{"line":58,"column":12},"end":{"line":58,"column":38}},"39":{"start":{"line":60,"column":8},"end":{"line":60,"column":39}},"40":{"start":{"line":61,"column":8},"end":{"line":61,"column":20}},"41":{"start":{"line":65,"column":8},"end":{"line":65,"column":20}},"42":{"start":{"line":66,"column":8},"end":{"line":71,"column":9}},"43":{"start":{"line":67,"column":12},"end":{"line":67,"column":34}},"44":{"start":{"line":68,"column":12},"end":{"line":68,"column":38}},"45":{"start":{"line":69,"column":12},"end":{"line":69,"column":47}},"46":{"start":{"line":70,"column":12},"end":{"line":70,"column":39}},"47":{"start":{"line":72,"column":8},"end":{"line":72,"column":38}},"48":{"start":{"line":74,"column":8},"end":{"line":98,"column":9}},"49":{"start":{"line":75,"column":12},"end":{"line":75,"column":29}},"50":{"start":{"line":78,"column":12},"end":{"line":97,"column":13}},"51":{"start":{"line":79,"column":16},"end":{"line":93,"column":17}},"52":{"start":{"line":81,"column":20},"end":{"line":81,"column":64}},"53":{"start":{"line":83,"column":20},"end":{"line":92,"column":23}},"54":{"start":{"line":85,"column":24},"end":{"line":90,"column":26}},"55":{"start":{"line":86,"column":28},"end":{"line":86,"column":106}},"56":{"start":{"line":87,"column":28},"end":{"line":87,"column":38}},"57":{"start":{"line":88,"column":31},"end":{"line":90,"column":26}},"58":{"start":{"line":89,"column":28},"end":{"line":89,"column":45}},"59":{"start":{"line":91,"column":24},"end":{"line":91,"column":41}},"60":{"start":{"line":95,"column":16},"end":{"line":95,"column":29}},"61":{"start":{"line":96,"column":16},"end":{"line":96,"column":34}},"62":{"start":{"line":102,"column":8},"end":{"line":105,"column":9}},"63":{"start":{"line":103,"column":12},"end":{"line":103,"column":28}},"64":{"start":{"line":104,"column":12},"end":{"line":104,"column":22}},"65":{"start":{"line":106,"column":8},"end":{"line":113,"column":11}},"66":{"start":{"line":108,"column":12},"end":{"line":110,"column":13}},"67":{"start":{"line":109,"column":16},"end":{"line":109,"column":70}},"68":{"start":{"line":111,"column":12},"end":{"line":111,"column":43}},"69":{"start":{"line":115,"column":8},"end":{"line":115,"column":20}},"70":{"start":{"line":119,"column":8},"end":{"line":119,"column":53}},"71":{"start":{"line":120,"column":8},"end":{"line":120,"column":21}},"72":{"start":{"line":121,"column":8},"end":{"line":128,"column":9}},"73":{"start":{"line":122,"column":10},"end":{"line":122,"column":37}},"74":{"start":{"line":125,"column":12},"end":{"line":125,"column":25}},"75":{"start":{"line":126,"column":12},"end":{"line":126,"column":25}},"76":{"start":{"line":127,"column":12},"end":{"line":127,"column":31}},"77":{"start":{"line":129,"column":8},"end":{"line":129,"column":20}},"78":{"start":{"line":133,"column":8},"end":{"line":133,"column":23}},"79":{"start":{"line":134,"column":8},"end":{"line":144,"column":9}},"80":{"start":{"line":135,"column":12},"end":{"line":140,"column":15}},"81":{"start":{"line":141,"column":12},"end":{"line":141,"column":49}},"82":{"start":{"line":143,"column":12},"end":{"line":143,"column":25}},"83":{"start":{"line":145,"column":8},"end":{"line":145,"column":20}},"84":{"start":{"line":149,"column":8},"end":{"line":149,"column":42}},"85":{"start":{"line":150,"column":8},"end":{"line":150,"column":19}},"86":{"start":{"line":151,"column":8},"end":{"line":151,"column":22}},"87":{"start":{"line":152,"column":8},"end":{"line":152,"column":31}},"88":{"start":{"line":153,"column":8},"end":{"line":153,"column":34}},"89":{"start":{"line":154,"column":8},"end":{"line":157,"column":9}},"90":{"start":{"line":155,"column":12},"end":{"line":155,"column":38}},"91":{"start":{"line":156,"column":12},"end":{"line":156,"column":17}},"92":{"start":{"line":158,"column":8},"end":{"line":158,"column":20}},"93":{"start":{"line":162,"column":8},"end":{"line":176,"column":9}},"94":{"start":{"line":163,"column":12},"end":{"line":163,"column":59}},"95":{"start":{"line":164,"column":12},"end":{"line":166,"column":13}},"96":{"start":{"line":165,"column":16},"end":{"line":165,"column":57}},"97":{"start":{"line":168,"column":12},"end":{"line":175,"column":15}},"98":{"start":{"line":169,"column":16},"end":{"line":169,"column":37}},"99":{"start":{"line":170,"column":16},"end":{"line":170,"column":81}},"100":{"start":{"line":170,"column":47},"end":{"line":170,"column":81}},"101":{"start":{"line":172,"column":16},"end":{"line":174,"column":17}},"102":{"start":{"line":173,"column":20},"end":{"line":173,"column":60}},"103":{"start":{"line":177,"column":8},"end":{"line":177,"column":20}},"104":{"start":{"line":181,"column":0},"end":{"line":181,"column":22}}},"branchMap":{"1":{"line":35,"type":"if","locations":[{"start":{"line":35,"column":8},"end":{"line":35,"column":8}},{"start":{"line":35,"column":8},"end":{"line":35,"column":8}}]},"2":{"line":36,"type":"if","locations":[{"start":{"line":36,"column":8},"end":{"line":36,"column":8}},{"start":{"line":36,"column":8},"end":{"line":36,"column":8}}]},"3":{"line":51,"type":"if","locations":[{"start":{"line":51,"column":8},"end":{"line":51,"column":8}},{"start":{"line":51,"column":8},"end":{"line":51,"column":8}}]},"4":{"line":52,"type":"if","locations":[{"start":{"line":52,"column":8},"end":{"line":52,"column":8}},{"start":{"line":52,"column":8},"end":{"line":52,"column":8}}]},"5":{"line":53,"type":"if","locations":[{"start":{"line":53,"column":8},"end":{"line":53,"column":8}},{"start":{"line":53,"column":8},"end":{"line":53,"column":8}}]},"6":{"line":54,"type":"if","locations":[{"start":{"line":54,"column":8},"end":{"line":54,"column":8}},{"start":{"line":54,"column":8},"end":{"line":54,"column":8}}]},"7":{"line":57,"type":"if","locations":[{"start":{"line":57,"column":8},"end":{"line":57,"column":8}},{"start":{"line":57,"column":8},"end":{"line":57,"column":8}}]},"8":{"line":66,"type":"if","locations":[{"start":{"line":66,"column":8},"end":{"line":66,"column":8}},{"start":{"line":66,"column":8},"end":{"line":66,"column":8}}]},"9":{"line":74,"type":"if","locations":[{"start":{"line":74,"column":8},"end":{"line":74,"column":8}},{"start":{"line":74,"column":8},"end":{"line":74,"column":8}}]},"10":{"line":79,"type":"if","locations":[{"start":{"line":79,"column":16},"end":{"line":79,"column":16}},{"start":{"line":79,"column":16},"end":{"line":79,"column":16}}]},"11":{"line":85,"type":"if","locations":[{"start":{"line":85,"column":24},"end":{"line":85,"column":24}},{"start":{"line":85,"column":24},"end":{"line":85,"column":24}}]},"12":{"line":85,"type":"binary-expr","locations":[{"start":{"line":85,"column":28},"end":{"line":85,"column":35}},{"start":{"line":85,"column":39},"end":{"line":85,"column":54}}]},"13":{"line":102,"type":"if","locations":[{"start":{"line":102,"column":8},"end":{"line":102,"column":8}},{"start":{"line":102,"column":8},"end":{"line":102,"column":8}}]},"14":{"line":108,"type":"if","locations":[{"start":{"line":108,"column":12},"end":{"line":108,"column":12}},{"start":{"line":108,"column":12},"end":{"line":108,"column":12}}]},"15":{"line":162,"type":"if","locations":[{"start":{"line":162,"column":8},"end":{"line":162,"column":8}},{"start":{"line":162,"column":8},"end":{"line":162,"column":8}}]},"16":{"line":164,"type":"if","locations":[{"start":{"line":164,"column":12},"end":{"line":164,"column":12}},{"start":{"line":164,"column":12},"end":{"line":164,"column":12}}]},"17":{"line":172,"type":"if","locations":[{"start":{"line":172,"column":16},"end":{"line":172,"column":16}},{"start":{"line":172,"column":16},"end":{"line":172,"column":16}}]}}},"/Users/ismail/Downloads/devis-master/lib/log.js":{"path":"/Users/ismail/Downloads/devis-master/lib/log.js","s":{"1":1,"2":1,"3":1,"4":3,"5":3,"6":3,"7":3,"8":3,"9":3,"10":2,"11":3,"12":1},"b":{"1":[2,1]},"f":{"1":3},"fnMap":{"1":{"name":"error","line":13,"loc":{"start":{"line":13,"column":0},"end":{"line":13,"column":29}}}},"statementMap":{"1":{"start":{"line":3,"column":0},"end":{"line":3,"column":36}},"2":{"start":{"line":5,"column":0},"end":{"line":11,"column":2}},"3":{"start":{"line":13,"column":0},"end":{"line":25,"column":1}},"4":{"start":{"line":15,"column":4},"end":{"line":15,"column":26}},"5":{"start":{"line":16,"column":4},"end":{"line":16,"column":20}},"6":{"start":{"line":17,"column":4},"end":{"line":17,"column":33}},"7":{"start":{"line":18,"column":4},"end":{"line":18,"column":21}},"8":{"start":{"line":19,"column":4},"end":{"line":19,"column":49}},"9":{"start":{"line":20,"column":4},"end":{"line":22,"column":20}},"10":{"start":{"line":22,"column":4},"end":{"line":22,"column":20}},"11":{"start":{"line":23,"column":4},"end":{"line":23,"column":14}},"12":{"start":{"line":29,"column":0},"end":{"line":32,"column":1}}},"branchMap":{"1":{"line":20,"type":"if","locations":[{"start":{"line":20,"column":4},"end":{"line":20,"column":4}},{"start":{"line":20,"column":4},"end":{"line":20,"column":4}}]}}},"/Users/ismail/Downloads/devis-master/lib/transport.js":{"path":"/Users/ismail/Downloads/devis-master/lib/transport.js","s":{"1":1,"2":1,"3":1,"4":1,"5":5,"6":5,"7":5,"8":5,"9":5,"10":5,"11":5,"12":5,"13":5,"14":2,"15":2,"16":5,"17":0,"18":0,"19":5,"20":7,"21":7,"22":3,"23":7,"24":7,"25":7,"26":7,"27":0,"28":7,"29":7,"30":7,"31":1,"32":1,"33":1,"34":2,"35":3,"36":3,"37":4,"38":4,"39":4,"40":4,"41":4,"42":0,"43":0,"44":2,"45":2,"46":1,"47":0,"48":0,"49":2,"50":2,"51":2,"52":2,"53":2,"54":2,"55":2,"56":5,"57":4,"58":4,"59":4,"60":4,"61":1,"62":1,"63":1,"64":1,"65":3,"66":1,"67":1,"68":1},"b":{"1":[3,4],"2":[0,7],"3":[2,0],"4":[4,1],"5":[1,3]},"f":{"1":5,"2":1,"3":2,"4":4,"5":0,"6":1,"7":2,"8":2,"9":5},"fnMap":{"1":{"name":"(anonymous_1)","line":11,"loc":{"start":{"line":11,"column":15},"end":{"line":11,"column":18}}},"2":{"name":"(anonymous_2)","line":55,"loc":{"start":{"line":55,"column":15},"end":{"line":55,"column":32}}},"3":{"name":"(anonymous_3)","line":62,"loc":{"start":{"line":62,"column":10},"end":{"line":62,"column":24}}},"4":{"name":"(anonymous_4)","line":69,"loc":{"start":{"line":69,"column":49},"end":{"line":69,"column":71}}},"5":{"name":"(anonymous_5)","line":82,"loc":{"start":{"line":82,"column":25},"end":{"line":82,"column":38}}},"6":{"name":"(anonymous_6)","line":93,"loc":{"start":{"line":93,"column":14},"end":{"line":93,"column":25}}},"7":{"name":"(anonymous_7)","line":100,"loc":{"start":{"line":100,"column":10},"end":{"line":100,"column":16}}},"8":{"name":"(anonymous_8)","line":108,"loc":{"start":{"line":108,"column":9},"end":{"line":108,"column":12}}},"9":{"name":"(anonymous_9)","line":115,"loc":{"start":{"line":115,"column":15},"end":{"line":115,"column":31}}}},"statementMap":{"1":{"start":{"line":4,"column":0},"end":{"line":4,"column":41}},"2":{"start":{"line":5,"column":0},"end":{"line":5,"column":37}},"3":{"start":{"line":6,"column":0},"end":{"line":6,"column":39}},"4":{"start":{"line":7,"column":0},"end":{"line":7,"column":38}},"5":{"start":{"line":12,"column":8},"end":{"line":12,"column":16}},"6":{"start":{"line":13,"column":8},"end":{"line":13,"column":23}},"7":{"start":{"line":14,"column":8},"end":{"line":14,"column":20}},"8":{"start":{"line":15,"column":8},"end":{"line":15,"column":27}},"9":{"start":{"line":16,"column":8},"end":{"line":16,"column":17}},"10":{"start":{"line":17,"column":8},"end":{"line":17,"column":26}},"11":{"start":{"line":18,"column":8},"end":{"line":18,"column":44}},"12":{"start":{"line":19,"column":8},"end":{"line":19,"column":36}},"13":{"start":{"line":21,"column":8},"end":{"line":24,"column":11}},"14":{"start":{"line":22,"column":12},"end":{"line":22,"column":40}},"15":{"start":{"line":23,"column":12},"end":{"line":23,"column":53}},"16":{"start":{"line":26,"column":8},"end":{"line":29,"column":11}},"17":{"start":{"line":27,"column":12},"end":{"line":27,"column":40}},"18":{"start":{"line":28,"column":12},"end":{"line":28,"column":40}},"19":{"start":{"line":31,"column":8},"end":{"line":52,"column":11}},"20":{"start":{"line":32,"column":12},"end":{"line":32,"column":41}},"21":{"start":{"line":33,"column":12},"end":{"line":37,"column":13}},"22":{"start":{"line":34,"column":16},"end":{"line":36,"column":19}},"23":{"start":{"line":38,"column":12},"end":{"line":38,"column":43}},"24":{"start":{"line":39,"column":12},"end":{"line":39,"column":62}},"25":{"start":{"line":40,"column":12},"end":{"line":40,"column":58}},"26":{"start":{"line":43,"column":12},"end":{"line":43,"column":84}},"27":{"start":{"line":43,"column":40},"end":{"line":43,"column":84}},"28":{"start":{"line":45,"column":12},"end":{"line":49,"column":15}},"29":{"start":{"line":50,"column":12},"end":{"line":50,"column":30}},"30":{"start":{"line":51,"column":12},"end":{"line":51,"column":25}},"31":{"start":{"line":56,"column":8},"end":{"line":59,"column":11}},"32":{"start":{"line":57,"column":12},"end":{"line":57,"column":30}},"33":{"start":{"line":58,"column":12},"end":{"line":58,"column":47}},"34":{"start":{"line":63,"column":8},"end":{"line":90,"column":11}},"35":{"start":{"line":64,"column":16},"end":{"line":66,"column":20}},"36":{"start":{"line":67,"column":16},"end":{"line":80,"column":19}},"37":{"start":{"line":68,"column":20},"end":{"line":68,"column":49}},"38":{"start":{"line":69,"column":20},"end":{"line":79,"column":23}},"39":{"start":{"line":70,"column":24},"end":{"line":76,"column":26}},"40":{"start":{"line":77,"column":24},"end":{"line":77,"column":49}},"41":{"start":{"line":78,"column":24},"end":{"line":78,"column":46}},"42":{"start":{"line":83,"column":16},"end":{"line":83,"column":45}},"43":{"start":{"line":84,"column":16},"end":{"line":84,"column":32}},"44":{"start":{"line":88,"column":12},"end":{"line":88,"column":48}},"45":{"start":{"line":89,"column":12},"end":{"line":89,"column":73}},"46":{"start":{"line":94,"column":8},"end":{"line":97,"column":11}},"47":{"start":{"line":95,"column":12},"end":{"line":95,"column":46}},"48":{"start":{"line":96,"column":12},"end":{"line":96,"column":32}},"49":{"start":{"line":101,"column":8},"end":{"line":101,"column":33}},"50":{"start":{"line":102,"column":8},"end":{"line":105,"column":11}},"51":{"start":{"line":103,"column":12},"end":{"line":103,"column":27}},"52":{"start":{"line":104,"column":12},"end":{"line":104,"column":69}},"53":{"start":{"line":109,"column":8},"end":{"line":112,"column":9}},"54":{"start":{"line":110,"column":12},"end":{"line":110,"column":40}},"55":{"start":{"line":111,"column":12},"end":{"line":111,"column":34}},"56":{"start":{"line":116,"column":8},"end":{"line":131,"column":9}},"57":{"start":{"line":117,"column":12},"end":{"line":117,"column":29}},"58":{"start":{"line":118,"column":12},"end":{"line":118,"column":47}},"59":{"start":{"line":119,"column":12},"end":{"line":119,"column":37}},"60":{"start":{"line":120,"column":12},"end":{"line":126,"column":42}},"61":{"start":{"line":121,"column":16},"end":{"line":125,"column":19}},"62":{"start":{"line":122,"column":20},"end":{"line":122,"column":45}},"63":{"start":{"line":123,"column":20},"end":{"line":123,"column":82}},"64":{"start":{"line":124,"column":20},"end":{"line":124,"column":43}},"65":{"start":{"line":126,"column":19},"end":{"line":126,"column":42}},"66":{"start":{"line":128,"column":12},"end":{"line":130,"column":14}},"67":{"start":{"line":129,"column":16},"end":{"line":129,"column":48}},"68":{"start":{"line":136,"column":0},"end":{"line":136,"column":27}}},"branchMap":{"1":{"line":33,"type":"if","locations":[{"start":{"line":33,"column":12},"end":{"line":33,"column":12}},{"start":{"line":33,"column":12},"end":{"line":33,"column":12}}]},"2":{"line":43,"type":"if","locations":[{"start":{"line":43,"column":12},"end":{"line":43,"column":12}},{"start":{"line":43,"column":12},"end":{"line":43,"column":12}}]},"3":{"line":109,"type":"if","locations":[{"start":{"line":109,"column":8},"end":{"line":109,"column":8}},{"start":{"line":109,"column":8},"end":{"line":109,"column":8}}]},"4":{"line":116,"type":"if","locations":[{"start":{"line":116,"column":8},"end":{"line":116,"column":8}},{"start":{"line":116,"column":8},"end":{"line":116,"column":8}}]},"5":{"line":120,"type":"if","locations":[{"start":{"line":120,"column":12},"end":{"line":120,"column":12}},{"start":{"line":120,"column":12},"end":{"line":120,"column":12}}]}}},"/Users/ismail/Downloads/devis-master/lib/jsonet/index.js":{"path":"/Users/ismail/Downloads/devis-master/lib/jsonet/index.js","s":{"1":1,"2":1,"3":1,"4":1,"5":1,"6":1},"b":{},"f":{},"fnMap":{},"statementMap":{"1":{"start":{"line":24,"column":0},"end":{"line":24,"column":37}},"2":{"start":{"line":26,"column":0},"end":{"line":26,"column":31}},"3":{"start":{"line":27,"column":0},"end":{"line":27,"column":37}},"4":{"start":{"line":29,"column":0},"end":{"line":29,"column":37}},"5":{"start":{"line":31,"column":0},"end":{"line":31,"column":31}},"6":{"start":{"line":32,"column":0},"end":{"line":32,"column":37}}},"branchMap":{}},"/Users/ismail/Downloads/devis-master/lib/jsonet/lib/server.js":{"path":"/Users/ismail/Downloads/devis-master/lib/jsonet/lib/server.js","s":{"1":1,"2":1,"3":1,"4":1,"5":1,"6":2,"7":2,"8":2,"9":2,"10":2,"11":2,"12":0,"13":0,"14":0,"15":2,"16":2,"17":2,"18":2,"19":0,"20":2,"21":0,"22":1,"23":1,"24":3,"25":3,"26":1,"27":2,"28":1,"29":0,"30":0,"31":1,"32":0,"33":1,"34":2,"35":2,"36":1,"37":1,"38":2},"b":{"1":[2,0],"2":[0,0],"3":[0,0]},"f":{"1":2,"2":2,"3":0,"4":0,"5":3,"6":2,"7":0,"8":0,"9":2,"10":2},"fnMap":{"1":{"name":"Server","line":34,"loc":{"start":{"line":34,"column":0},"end":{"line":34,"column":55}}},"2":{"name":"(anonymous_2)","line":50,"loc":{"start":{"line":50,"column":33},"end":{"line":50,"column":45}}},"3":{"name":"(anonymous_3)","line":53,"loc":{"start":{"line":53,"column":29},"end":{"line":53,"column":41}}},"4":{"name":"(anonymous_4)","line":56,"loc":{"start":{"line":56,"column":29},"end":{"line":56,"column":42}}},"5":{"name":"(anonymous_5)","line":62,"loc":{"start":{"line":62,"column":28},"end":{"line":62,"column":46}}},"6":{"name":"(anonymous_6)","line":67,"loc":{"start":{"line":67,"column":27},"end":{"line":67,"column":39}}},"7":{"name":"(anonymous_7)","line":71,"loc":{"start":{"line":71,"column":25},"end":{"line":71,"column":37}}},"8":{"name":"(anonymous_8)","line":76,"loc":{"start":{"line":76,"column":34},"end":{"line":76,"column":54}}},"9":{"name":"(anonymous_9)","line":80,"loc":{"start":{"line":80,"column":26},"end":{"line":80,"column":38}}},"10":{"name":"(anonymous_10)","line":91,"loc":{"start":{"line":91,"column":17},"end":{"line":91,"column":66}}}},"statementMap":{"1":{"start":{"line":24,"column":0},"end":{"line":24,"column":31}},"2":{"start":{"line":25,"column":0},"end":{"line":25,"column":25}},"3":{"start":{"line":26,"column":0},"end":{"line":26,"column":27}},"4":{"start":{"line":28,"column":0},"end":{"line":28,"column":40}},"5":{"start":{"line":34,"column":0},"end":{"line":59,"column":1}},"6":{"start":{"line":35,"column":4},"end":{"line":35,"column":35}},"7":{"start":{"line":36,"column":4},"end":{"line":36,"column":20}},"8":{"start":{"line":38,"column":4},"end":{"line":38,"column":16}},"9":{"start":{"line":39,"column":4},"end":{"line":47,"column":5}},"10":{"start":{"line":40,"column":8},"end":{"line":40,"column":21}},"11":{"start":{"line":41,"column":8},"end":{"line":41,"column":44}},"12":{"start":{"line":43,"column":8},"end":{"line":43,"column":37}},"13":{"start":{"line":44,"column":8},"end":{"line":46,"column":9}},"14":{"start":{"line":45,"column":12},"end":{"line":45,"column":48}},"15":{"start":{"line":49,"column":4},"end":{"line":49,"column":71}},"16":{"start":{"line":50,"column":4},"end":{"line":52,"column":6}},"17":{"start":{"line":51,"column":8},"end":{"line":51,"column":31}},"18":{"start":{"line":53,"column":4},"end":{"line":55,"column":6}},"19":{"start":{"line":54,"column":8},"end":{"line":54,"column":27}},"20":{"start":{"line":56,"column":4},"end":{"line":58,"column":7}},"21":{"start":{"line":57,"column":8},"end":{"line":57,"column":30}},"22":{"start":{"line":60,"column":0},"end":{"line":60,"column":43}},"23":{"start":{"line":62,"column":0},"end":{"line":65,"column":2}},"24":{"start":{"line":63,"column":4},"end":{"line":63,"column":31}},"25":{"start":{"line":64,"column":4},"end":{"line":64,"column":31}},"26":{"start":{"line":67,"column":0},"end":{"line":69,"column":2}},"27":{"start":{"line":68,"column":4},"end":{"line":68,"column":63}},"28":{"start":{"line":71,"column":0},"end":{"line":74,"column":2}},"29":{"start":{"line":72,"column":4},"end":{"line":72,"column":54}},"30":{"start":{"line":73,"column":4},"end":{"line":73,"column":16}},"31":{"start":{"line":76,"column":0},"end":{"line":78,"column":2}},"32":{"start":{"line":77,"column":4},"end":{"line":77,"column":49}},"33":{"start":{"line":80,"column":0},"end":{"line":83,"column":2}},"34":{"start":{"line":81,"column":4},"end":{"line":81,"column":55}},"35":{"start":{"line":82,"column":4},"end":{"line":82,"column":16}},"36":{"start":{"line":89,"column":0},"end":{"line":89,"column":24}},"37":{"start":{"line":91,"column":0},"end":{"line":93,"column":1}},"38":{"start":{"line":92,"column":4},"end":{"line":92,"column":50}}},"branchMap":{"1":{"line":39,"type":"if","locations":[{"start":{"line":39,"column":4},"end":{"line":39,"column":4}},{"start":{"line":39,"column":4},"end":{"line":39,"column":4}}]},"2":{"line":43,"type":"binary-expr","locations":[{"start":{"line":43,"column":18},"end":{"line":43,"column":30}},{"start":{"line":43,"column":34},"end":{"line":43,"column":36}}]},"3":{"line":44,"type":"if","locations":[{"start":{"line":44,"column":8},"end":{"line":44,"column":8}},{"start":{"line":44,"column":8},"end":{"line":44,"column":8}}]}}},"/Users/ismail/Downloads/devis-master/lib/jsonet/lib/socket.js":{"path":"/Users/ismail/Downloads/devis-master/lib/jsonet/lib/socket.js","s":{"1":1,"2":1,"3":1,"4":1,"5":11,"6":1,"7":22,"8":1,"9":8,"10":8,"11":8,"12":3,"13":5,"14":5,"15":8,"16":8,"17":8,"18":8,"19":8,"20":8,"21":8,"22":8,"23":8,"24":48,"25":9,"26":8,"27":40,"28":0,"29":8,"30":64,"31":5,"32":1,"33":1,"34":33,"35":33,"36":33,"37":33,"38":33,"39":10,"40":10,"41":33,"42":0,"43":0,"44":0,"45":0,"46":0,"47":0,"48":0,"49":0,"50":0,"51":0,"52":0,"53":0,"54":0,"55":0,"56":1,"57":10,"58":10,"59":22,"60":22,"61":22,"62":11,"63":11,"64":11,"65":11,"66":11,"67":11,"68":11,"69":11,"70":0,"71":22,"72":11,"73":1,"74":0,"75":0,"76":0,"77":1,"78":10,"79":10,"80":10,"81":1,"82":11,"83":11,"84":11,"85":11,"86":11,"87":1,"88":1,"89":5},"b":{"1":[3,5],"2":[5,5],"3":[33,0],"4":[10,23],"5":[0,0],"6":[32,22],"7":[11,11],"8":[11,0],"9":[11,0],"10":[11,11],"11":[0,0]},"f":{"1":11,"2":22,"3":8,"4":48,"5":9,"6":40,"7":0,"8":64,"9":5,"10":33,"11":10,"12":0,"13":10,"14":11,"15":5},"fnMap":{"1":{"name":"readString","line":32,"loc":{"start":{"line":32,"column":0},"end":{"line":32,"column":44}}},"2":{"name":"readUInt32BE","line":36,"loc":{"start":{"line":36,"column":0},"end":{"line":36,"column":46}}},"3":{"name":"Socket","line":44,"loc":{"start":{"line":44,"column":0},"end":{"line":44,"column":33}}},"4":{"name":"(anonymous_4)","line":79,"loc":{"start":{"line":79,"column":14},"end":{"line":79,"column":31}}},"5":{"name":"(anonymous_5)","line":80,"loc":{"start":{"line":80,"column":31},"end":{"line":80,"column":47}}},"6":{"name":"(anonymous_6)","line":91,"loc":{"start":{"line":91,"column":14},"end":{"line":91,"column":38}}},"7":{"name":"(anonymous_7)","line":93,"loc":{"start":{"line":93,"column":17},"end":{"line":93,"column":29}}},"8":{"name":"(anonymous_8)","line":109,"loc":{"start":{"line":109,"column":14},"end":{"line":109,"column":38}}},"9":{"name":"(anonymous_9)","line":110,"loc":{"start":{"line":110,"column":29},"end":{"line":110,"column":41}}},"10":{"name":"(anonymous_10)","line":117,"loc":{"start":{"line":117,"column":28},"end":{"line":117,"column":51}}},"11":{"name":"(anonymous_11)","line":148,"loc":{"start":{"line":148,"column":26},"end":{"line":148,"column":38}}},"12":{"name":"(anonymous_12)","line":177,"loc":{"start":{"line":177,"column":23},"end":{"line":177,"column":38}}},"13":{"name":"(anonymous_13)","line":184,"loc":{"start":{"line":184,"column":26},"end":{"line":184,"column":42}}},"14":{"name":"(anonymous_14)","line":190,"loc":{"start":{"line":190,"column":25},"end":{"line":190,"column":40}}},"15":{"name":"(anonymous_15)","line":204,"loc":{"start":{"line":204,"column":17},"end":{"line":204,"column":44}}}},"statementMap":{"1":{"start":{"line":24,"column":0},"end":{"line":24,"column":31}},"2":{"start":{"line":25,"column":0},"end":{"line":25,"column":25}},"3":{"start":{"line":26,"column":0},"end":{"line":26,"column":27}},"4":{"start":{"line":32,"column":0},"end":{"line":34,"column":1}},"5":{"start":{"line":33,"column":4},"end":{"line":33,"column":60}},"6":{"start":{"line":36,"column":0},"end":{"line":38,"column":1}},"7":{"start":{"line":37,"column":4},"end":{"line":37,"column":39}},"8":{"start":{"line":44,"column":0},"end":{"line":114,"column":1}},"9":{"start":{"line":45,"column":4},"end":{"line":45,"column":35}},"10":{"start":{"line":46,"column":4},"end":{"line":46,"column":20}},"11":{"start":{"line":49,"column":4},"end":{"line":54,"column":5}},"12":{"start":{"line":50,"column":8},"end":{"line":50,"column":36}},"13":{"start":{"line":52,"column":8},"end":{"line":52,"column":41}},"14":{"start":{"line":53,"column":8},"end":{"line":53,"column":47}},"15":{"start":{"line":57,"column":4},"end":{"line":57,"column":31}},"16":{"start":{"line":60,"column":4},"end":{"line":60,"column":23}},"17":{"start":{"line":61,"column":4},"end":{"line":61,"column":21}},"18":{"start":{"line":62,"column":4},"end":{"line":62,"column":21}},"19":{"start":{"line":63,"column":4},"end":{"line":63,"column":31}},"20":{"start":{"line":66,"column":4},"end":{"line":66,"column":33}},"21":{"start":{"line":67,"column":4},"end":{"line":67,"column":50}},"22":{"start":{"line":70,"column":4},"end":{"line":70,"column":52}},"23":{"start":{"line":73,"column":4},"end":{"line":83,"column":7}},"24":{"start":{"line":80,"column":8},"end":{"line":82,"column":11}},"25":{"start":{"line":81,"column":12},"end":{"line":81,"column":35}},"26":{"start":{"line":86,"column":4},"end":{"line":98,"column":7}},"27":{"start":{"line":92,"column":8},"end":{"line":97,"column":11}},"28":{"start":{"line":94,"column":16},"end":{"line":94,"column":50}},"29":{"start":{"line":101,"column":4},"end":{"line":113,"column":7}},"30":{"start":{"line":110,"column":8},"end":{"line":112,"column":10}},"31":{"start":{"line":111,"column":12},"end":{"line":111,"column":77}},"32":{"start":{"line":115,"column":0},"end":{"line":115,"column":43}},"33":{"start":{"line":117,"column":0},"end":{"line":146,"column":2}},"34":{"start":{"line":118,"column":4},"end":{"line":118,"column":27}},"35":{"start":{"line":119,"column":4},"end":{"line":145,"column":5}},"36":{"start":{"line":120,"column":8},"end":{"line":120,"column":62}},"37":{"start":{"line":121,"column":8},"end":{"line":121,"column":31}},"38":{"start":{"line":122,"column":8},"end":{"line":125,"column":9}},"39":{"start":{"line":123,"column":12},"end":{"line":123,"column":29}},"40":{"start":{"line":124,"column":12},"end":{"line":124,"column":34}},"41":{"start":{"line":126,"column":8},"end":{"line":126,"column":19}},"42":{"start":{"line":128,"column":8},"end":{"line":128,"column":37}},"43":{"start":{"line":129,"column":8},"end":{"line":129,"column":24}},"44":{"start":{"line":130,"column":8},"end":{"line":130,"column":25}},"45":{"start":{"line":131,"column":8},"end":{"line":142,"column":9}},"46":{"start":{"line":132,"column":12},"end":{"line":132,"column":76}},"47":{"start":{"line":133,"column":12},"end":{"line":133,"column":82}},"48":{"start":{"line":134,"column":12},"end":{"line":134,"column":27}},"49":{"start":{"line":135,"column":12},"end":{"line":135,"column":23}},"50":{"start":{"line":136,"column":12},"end":{"line":141,"column":13}},"51":{"start":{"line":137,"column":16},"end":{"line":137,"column":33}},"52":{"start":{"line":138,"column":16},"end":{"line":138,"column":38}},"53":{"start":{"line":140,"column":16},"end":{"line":140,"column":36}},"54":{"start":{"line":143,"column":8},"end":{"line":143,"column":38}},"55":{"start":{"line":144,"column":8},"end":{"line":144,"column":19}},"56":{"start":{"line":148,"column":0},"end":{"line":175,"column":2}},"57":{"start":{"line":149,"column":4},"end":{"line":149,"column":27}},"58":{"start":{"line":150,"column":4},"end":{"line":174,"column":5}},"59":{"start":{"line":151,"column":8},"end":{"line":151,"column":42}},"60":{"start":{"line":154,"column":8},"end":{"line":154,"column":27}},"61":{"start":{"line":155,"column":8},"end":{"line":168,"column":9}},"62":{"start":{"line":156,"column":12},"end":{"line":159,"column":13}},"63":{"start":{"line":157,"column":16},"end":{"line":157,"column":63}},"64":{"start":{"line":158,"column":16},"end":{"line":158,"column":69}},"65":{"start":{"line":160,"column":15},"end":{"line":168,"column":9}},"66":{"start":{"line":161,"column":12},"end":{"line":161,"column":69}},"67":{"start":{"line":162,"column":12},"end":{"line":162,"column":39}},"68":{"start":{"line":163,"column":12},"end":{"line":167,"column":13}},"69":{"start":{"line":164,"column":16},"end":{"line":164,"column":42}},"70":{"start":{"line":166,"column":16},"end":{"line":166,"column":38}},"71":{"start":{"line":171,"column":8},"end":{"line":173,"column":9}},"72":{"start":{"line":172,"column":12},"end":{"line":172,"column":42}},"73":{"start":{"line":177,"column":0},"end":{"line":182,"column":2}},"74":{"start":{"line":178,"column":4},"end":{"line":180,"column":5}},"75":{"start":{"line":179,"column":8},"end":{"line":179,"column":24}},"76":{"start":{"line":181,"column":4},"end":{"line":181,"column":23}},"77":{"start":{"line":184,"column":0},"end":{"line":188,"column":2}},"78":{"start":{"line":185,"column":4},"end":{"line":185,"column":29}},"79":{"start":{"line":186,"column":4},"end":{"line":186,"column":32}},"80":{"start":{"line":187,"column":4},"end":{"line":187,"column":18}},"81":{"start":{"line":190,"column":0},"end":{"line":196,"column":2}},"82":{"start":{"line":191,"column":4},"end":{"line":191,"column":38}},"83":{"start":{"line":192,"column":4},"end":{"line":192,"column":44}},"84":{"start":{"line":193,"column":4},"end":{"line":193,"column":42}},"85":{"start":{"line":194,"column":4},"end":{"line":194,"column":37}},"86":{"start":{"line":195,"column":4},"end":{"line":195,"column":32}},"87":{"start":{"line":202,"column":0},"end":{"line":202,"column":24}},"88":{"start":{"line":204,"column":0},"end":{"line":206,"column":1}},"89":{"start":{"line":205,"column":4},"end":{"line":205,"column":36}}},"branchMap":{"1":{"line":49,"type":"if","locations":[{"start":{"line":49,"column":4},"end":{"line":49,"column":4}},{"start":{"line":49,"column":4},"end":{"line":49,"column":4}}]},"2":{"line":52,"type":"binary-expr","locations":[{"start":{"line":52,"column":22},"end":{"line":52,"column":34}},{"start":{"line":52,"column":38},"end":{"line":52,"column":40}}]},"3":{"line":119,"type":"if","locations":[{"start":{"line":119,"column":4},"end":{"line":119,"column":4}},{"start":{"line":119,"column":4},"end":{"line":119,"column":4}}]},"4":{"line":122,"type":"if","locations":[{"start":{"line":122,"column":8},"end":{"line":122,"column":8}},{"start":{"line":122,"column":8},"end":{"line":122,"column":8}}]},"5":{"line":136,"type":"if","locations":[{"start":{"line":136,"column":12},"end":{"line":136,"column":12}},{"start":{"line":136,"column":12},"end":{"line":136,"column":12}}]},"6":{"line":150,"type":"binary-expr","locations":[{"start":{"line":150,"column":11},"end":{"line":150,"column":27}},{"start":{"line":150,"column":31},"end":{"line":150,"column":62}}]},"7":{"line":155,"type":"if","locations":[{"start":{"line":155,"column":8},"end":{"line":155,"column":8}},{"start":{"line":155,"column":8},"end":{"line":155,"column":8}}]},"8":{"line":156,"type":"if","locations":[{"start":{"line":156,"column":12},"end":{"line":156,"column":12}},{"start":{"line":156,"column":12},"end":{"line":156,"column":12}}]},"9":{"line":160,"type":"if","locations":[{"start":{"line":160,"column":15},"end":{"line":160,"column":15}},{"start":{"line":160,"column":15},"end":{"line":160,"column":15}}]},"10":{"line":171,"type":"if","locations":[{"start":{"line":171,"column":8},"end":{"line":171,"column":8}},{"start":{"line":171,"column":8},"end":{"line":171,"column":8}}]},"11":{"line":178,"type":"if","locations":[{"start":{"line":178,"column":4},"end":{"line":178,"column":4}},{"start":{"line":178,"column":4},"end":{"line":178,"column":4}}]}}},"/Users/ismail/Downloads/devis-master/devis.js":{"path":"/Users/ismail/Downloads/devis-master/devis.js","s":{"1":1,"2":1,"3":1},"b":{},"f":{},"fnMap":{},"statementMap":{"1":{"start":{"line":4,"column":0},"end":{"line":6,"column":30}},"2":{"start":{"line":7,"column":0},"end":{"line":7,"column":35}},"3":{"start":{"line":8,"column":0},"end":{"line":8,"column":23}}},"branchMap":{}},"/Users/ismail/Downloads/devis-master/examples/server.js":{"path":"/Users/ismail/Downloads/devis-master/examples/server.js","s":{"1":1,"2":1,"3":0,"4":1,"5":0,"6":1},"b":{},"f":{"1":0,"2":0},"fnMap":{"1":{"name":"(anonymous_1)","line":8,"loc":{"start":{"line":8,"column":3},"end":{"line":8,"column":24}}},"2":{"name":"(anonymous_2)","line":16,"loc":{"start":{"line":16,"column":3},"end":{"line":16,"column":24}}}},"statementMap":{"1":{"start":{"line":2,"column":0},"end":{"line":2,"column":32}},"2":{"start":{"line":5,"column":0},"end":{"line":11,"column":3}},"3":{"start":{"line":10,"column":4},"end":{"line":10,"column":46}},"4":{"start":{"line":13,"column":0},"end":{"line":21,"column":2}},"5":{"start":{"line":18,"column":4},"end":{"line":20,"column":7}},"6":{"start":{"line":23,"column":0},"end":{"line":23,"column":21}}},"branchMap":{}}}