TN:
SF:/Users/ismail/Downloads/devis-master/lib/core.js
FN:15,(anonymous_1)
FN:23,(anonymous_2)
FN:28,(anonymous_3)
FN:34,(anonymous_4)
FN:44,(anonymous_5)
FN:49,(anonymous_6)
FN:64,(anonymous_7)
FN:101,(anonymous_8)
FN:118,(anonymous_9)
FN:132,(anonymous_10)
FN:148,(anonymous_11)
FN:161,(anonymous_12)
FNF:12
FNH:12
FNDA:3,(anonymous_1)
FNDA:3,(anonymous_2)
FNDA:2,(anonymous_3)
FNDA:4,(anonymous_4)
FNDA:1,(anonymous_5)
FNDA:10,(anonymous_6)
FNDA:9,(anonymous_7)
FNDA:9,(anonymous_8)
FNDA:1,(anonymous_9)
FNDA:3,(anonymous_10)
FNDA:1,(anonymous_11)
FNDA:2,(anonymous_12)
DA:4,1
DA:5,1
DA:6,1
DA:7,1
DA:8,1
DA:9,1
DA:10,1
DA:11,1
DA:16,3
DA:17,3
DA:18,3
DA:19,3
DA:20,3
DA:24,3
DA:25,3
DA:29,2
DA:30,2
DA:31,2
DA:35,4
DA:36,3
DA:38,2
DA:39,2
DA:40,2
DA:45,1
DA:46,1
DA:50,10
DA:51,10
DA:52,10
DA:53,10
DA:54,10
DA:55,1
DA:57,10
DA:58,4
DA:60,6
DA:61,6
DA:65,9
DA:66,9
DA:67,5
DA:68,5
DA:69,5
DA:70,5
DA:72,9
DA:74,9
DA:75,8
DA:78,1
DA:79,1
DA:81,0
DA:83,0
DA:85,0
DA:86,0
DA:87,0
DA:88,0
DA:89,0
DA:91,0
DA:95,1
DA:96,1
DA:102,9
DA:103,1
DA:104,1
DA:106,9
DA:108,9
DA:109,1
DA:111,8
DA:115,8
DA:119,1
DA:120,1
DA:121,1
DA:122,1
DA:125,1
DA:126,1
DA:127,1
DA:129,1
DA:133,3
DA:134,3
DA:135,3
DA:141,3
DA:143,3
DA:145,3
DA:149,1
DA:150,1
DA:151,1
DA:152,1
DA:153,1
DA:154,1
DA:155,1
DA:156,1
DA:158,1
DA:162,2
DA:163,1
DA:164,1
DA:165,1
DA:168,1
DA:169,0
DA:170,0
DA:172,0
DA:173,0
DA:177,2
DA:181,1
LF:98
LH:86
BRDA:35,1,0,1
BRDA:35,1,1,3
BRDA:36,2,0,1
BRDA:36,2,1,2
BRDA:51,3,0,1
BRDA:51,3,1,9
BRDA:52,4,0,1
BRDA:52,4,1,9
BRDA:53,5,0,1
BRDA:53,5,1,9
BRDA:54,6,0,1
BRDA:54,6,1,9
BRDA:57,7,0,4
BRDA:57,7,1,6
BRDA:66,8,0,5
BRDA:66,8,1,4
BRDA:74,9,0,8
BRDA:74,9,1,1
BRDA:79,10,0,0
BRDA:79,10,1,0
BRDA:85,11,0,0
BRDA:85,11,1,0
BRDA:85,12,0,0
BRDA:85,12,1,0
BRDA:102,13,0,1
BRDA:102,13,1,8
BRDA:108,14,0,1
BRDA:108,14,1,8
BRDA:162,15,0,1
BRDA:162,15,1,1
BRDA:164,16,0,1
BRDA:164,16,1,0
BRDA:172,17,0,0
BRDA:172,17,1,0
BRF:34
BRH:25
end_of_record
TN:
SF:/Users/ismail/Downloads/devis-master/lib/log.js
FN:13,error
FNF:1
FNH:1
FNDA:3,error
DA:3,1
DA:5,1
DA:13,1
DA:15,3
DA:16,3
DA:17,3
DA:18,3
DA:19,3
DA:20,3
DA:22,2
DA:23,3
DA:29,1
LF:12
LH:12
BRDA:20,1,0,2
BRDA:20,1,1,1
BRF:2
BRH:2
end_of_record
TN:
SF:/Users/ismail/Downloads/devis-master/lib/transport.js
FN:11,(anonymous_1)
FN:55,(anonymous_2)
FN:62,(anonymous_3)
FN:69,(anonymous_4)
FN:82,(anonymous_5)
FN:93,(anonymous_6)
FN:100,(anonymous_7)
FN:108,(anonymous_8)
FN:115,(anonymous_9)
FNF:9
FNH:8
FNDA:5,(anonymous_1)
FNDA:1,(anonymous_2)
FNDA:2,(anonymous_3)
FNDA:4,(anonymous_4)
FNDA:0,(anonymous_5)
FNDA:1,(anonymous_6)
FNDA:2,(anonymous_7)
FNDA:2,(anonymous_8)
FNDA:5,(anonymous_9)
DA:4,1
DA:5,1
DA:6,1
DA:7,1
DA:12,5
DA:13,5
DA:14,5
DA:15,5
DA:16,5
DA:17,5
DA:18,5
DA:19,5
DA:21,5
DA:22,2
DA:23,2
DA:26,5
DA:27,0
DA:28,0
DA:31,5
DA:32,7
DA:33,7
DA:34,3
DA:38,7
DA:39,7
DA:40,7
DA:43,7
DA:45,7
DA:50,7
DA:51,7
DA:56,1
DA:57,1
DA:58,1
DA:63,2
DA:64,3
DA:67,3
DA:68,4
DA:69,4
DA:70,4
DA:77,4
DA:78,4
DA:83,0
DA:84,0
DA:88,2
DA:89,2
DA:94,1
DA:95,0
DA:96,0
DA:101,2
DA:102,2
DA:103,2
DA:104,2
DA:109,2
DA:110,2
DA:111,2
DA:116,5
DA:117,4
DA:118,4
DA:119,4
DA:120,4
DA:121,1
DA:122,1
DA:123,1
DA:124,1
DA:126,3
DA:128,1
DA:129,1
DA:136,1
LF:67
LH:61
BRDA:33,1,0,3
BRDA:33,1,1,4
BRDA:43,2,0,0
BRDA:43,2,1,7
BRDA:109,3,0,2
BRDA:109,3,1,0
BRDA:116,4,0,4
BRDA:116,4,1,1
BRDA:120,5,0,1
BRDA:120,5,1,3
BRF:10
BRH:8
end_of_record
TN:
SF:/Users/ismail/Downloads/devis-master/lib/jsonet/index.js
FNF:0
FNH:0
DA:24,1
DA:26,1
DA:27,1
DA:29,1
DA:31,1
DA:32,1
LF:6
LH:6
BRF:0
BRH:0
end_of_record
TN:
SF:/Users/ismail/Downloads/devis-master/lib/jsonet/lib/server.js
FN:34,Server
FN:50,(anonymous_2)
FN:53,(anonymous_3)
FN:56,(anonymous_4)
FN:62,(anonymous_5)
FN:67,(anonymous_6)
FN:71,(anonymous_7)
FN:76,(anonymous_8)
FN:80,(anonymous_9)
FN:91,(anonymous_10)
FNF:10
FNH:6
FNDA:2,Server
FNDA:2,(anonymous_2)
FNDA:0,(anonymous_3)
FNDA:0,(anonymous_4)
FNDA:3,(anonymous_5)
FNDA:2,(anonymous_6)
FNDA:0,(anonymous_7)
FNDA:0,(anonymous_8)
FNDA:2,(anonymous_9)
FNDA:2,(anonymous_10)
DA:24,1
DA:25,1
DA:26,1
DA:28,1
DA:34,1
DA:35,2
DA:36,2
DA:38,2
DA:39,2
DA:40,2
DA:41,2
DA:43,0
DA:44,0
DA:45,0
DA:49,2
DA:50,2
DA:51,2
DA:53,2
DA:54,0
DA:56,2
DA:57,0
DA:60,1
DA:62,1
DA:63,3
DA:64,3
DA:67,1
DA:68,2
DA:71,1
DA:72,0
DA:73,0
DA:76,1
DA:77,0
DA:80,1
DA:81,2
DA:82,2
DA:89,1
DA:91,1
DA:92,2
LF:38
LH:30
BRDA:39,1,0,2
BRDA:39,1,1,0
BRDA:43,2,0,0
BRDA:43,2,1,0
BRDA:44,3,0,0
BRDA:44,3,1,0
BRF:6
BRH:1
end_of_record
TN:
SF:/Users/ismail/Downloads/devis-master/lib/jsonet/lib/socket.js
FN:32,readString
FN:36,readUInt32BE
FN:44,Socket
FN:79,(anonymous_4)
FN:80,(anonymous_5)
FN:91,(anonymous_6)
FN:93,(anonymous_7)
FN:109,(anonymous_8)
FN:110,(anonymous_9)
FN:117,(anonymous_10)
FN:148,(anonymous_11)
FN:177,(anonymous_12)
FN:184,(anonymous_13)
FN:190,(anonymous_14)
FN:204,(anonymous_15)
FNF:15
FNH:13
FNDA:11,readString
FNDA:22,readUInt32BE
FNDA:8,Socket
FNDA:48,(anonymous_4)
FNDA:9,(anonymous_5)
FNDA:40,(anonymous_6)
FNDA:0,(anonymous_7)
FNDA:64,(anonymous_8)
FNDA:5,(anonymous_9)
FNDA:33,(anonymous_10)
FNDA:10,(anonymous_11)
FNDA:0,(anonymous_12)
FNDA:10,(anonymous_13)
FNDA:11,(anonymous_14)
FNDA:5,(anonymous_15)
DA:24,1
DA:25,1
DA:26,1
DA:32,1
DA:33,11
DA:36,1
DA:37,22
DA:44,1
DA:45,8
DA:46,8
DA:49,8
DA:50,3
DA:52,5
DA:53,5
DA:57,8
DA:60,8
DA:61,8
DA:62,8
DA:63,8
DA:66,8
DA:67,8
DA:70,8
DA:73,8
DA:80,48
DA:81,9
DA:86,8
DA:92,40
DA:94,0
DA:101,8
DA:110,64
DA:111,5
DA:115,1
DA:117,1
DA:118,33
DA:119,33
DA:120,33
DA:121,33
DA:122,33
DA:123,10
DA:124,10
DA:126,33
DA:128,0
DA:129,0
DA:130,0
DA:131,0
DA:132,0
DA:133,0
DA:134,0
DA:135,0
DA:136,0
DA:137,0
DA:138,0
DA:140,0
DA:143,0
DA:144,0
DA:148,1
DA:149,10
DA:150,10
DA:151,22
DA:154,22
DA:155,22
DA:156,11
DA:157,11
DA:158,11
DA:160,11
DA:161,11
DA:162,11
DA:163,11
DA:164,11
DA:166,0
DA:171,22
DA:172,11
DA:177,1
DA:178,0
DA:179,0
DA:181,0
DA:184,1
DA:185,10
DA:186,10
DA:187,10
DA:190,1
DA:191,11
DA:192,11
DA:193,11
DA:194,11
DA:195,11
DA:202,1
DA:204,1
DA:205,5
LF:89
LH:70
BRDA:49,1,0,3
BRDA:49,1,1,5
BRDA:52,2,0,5
BRDA:52,2,1,5
BRDA:119,3,0,33
BRDA:119,3,1,0
BRDA:122,4,0,10
BRDA:122,4,1,23
BRDA:136,5,0,0
BRDA:136,5,1,0
BRDA:150,6,0,32
BRDA:150,6,1,22
BRDA:155,7,0,11
BRDA:155,7,1,11
BRDA:156,8,0,11
BRDA:156,8,1,0
BRDA:160,9,0,11
BRDA:160,9,1,0
BRDA:171,10,0,11
BRDA:171,10,1,11
BRDA:178,11,0,0
BRDA:178,11,1,0
BRF:22
BRH:15
end_of_record
TN:
SF:/Users/ismail/Downloads/devis-master/devis.js
FNF:0
FNH:0
DA:4,1
DA:7,1
DA:8,1
LF:3
LH:3
BRF:0
BRH:0
end_of_record
TN:
SF:/Users/ismail/Downloads/devis-master/examples/server.js
FN:8,(anonymous_1)
FN:16,(anonymous_2)
FNF:2
FNH:0
FNDA:0,(anonymous_1)
FNDA:0,(anonymous_2)
DA:2,1
DA:5,1
DA:10,0
DA:13,1
DA:18,0
DA:23,1
LF:6
LH:4
BRF:0
BRH:0
end_of_record
